\BOOKMARK [0][-]{chapter.1}{Introduction}{}% 1
\BOOKMARK [0][-]{chapter.2}{Literature on Property Preserving Encryption Schemes}{}% 2
\BOOKMARK [1][-]{section.2.1}{Deterministic Encryption}{chapter.2}% 3
\BOOKMARK [2][-]{subsection.2.1.1}{Construction based on Hash function}{section.2.1}% 4
\BOOKMARK [2][-]{subsection.2.1.2}{Generalization of Previous Construction}{section.2.1}% 5
\BOOKMARK [2][-]{subsection.2.1.3}{Usefulness of Deterministic Encryption}{section.2.1}% 6
\BOOKMARK [2][-]{subsection.2.1.4}{Security of Deterministic Encryption}{section.2.1}% 7
\BOOKMARK [1][-]{section.2.2}{Original Construction of Deterministically Encrypted Database}{chapter.2}% 8
\BOOKMARK [1][-]{section.2.3}{Attack on Database Encrypted using Deterministic Encryption}{chapter.2}% 9
\BOOKMARK [2][-]{subsection.2.3.1}{Notation}{section.2.3}% 10
\BOOKMARK [2][-]{subsection.2.3.2}{Frequency Attack on the Column}{section.2.3}% 11
\BOOKMARK [1][-]{section.2.4}{Order-preserving Encryption}{chapter.2}% 12
\BOOKMARK [2][-]{subsection.2.4.1}{Constructions of Order-preserving Encryption}{section.2.4}% 13
\BOOKMARK [2][-]{subsection.2.4.2}{Security of OPE}{section.2.4}% 14
\BOOKMARK [1][-]{section.2.5}{Fully Homomorphic Encryption}{chapter.2}% 15
\BOOKMARK [1][-]{section.2.6}{Discussion}{chapter.2}% 16
\BOOKMARK [0][-]{chapter.3}{Efficient Encrypted Searchable Databases}{}% 17
\BOOKMARK [1][-]{section.3.1}{Relational Database}{chapter.3}% 18
\BOOKMARK [1][-]{section.3.2}{Encrypted Relational Database}{chapter.3}% 19
\BOOKMARK [1][-]{section.3.3}{Constructions of Encryption Schemes on Relational Database}{chapter.3}% 20
\BOOKMARK [1][-]{section.3.4}{Full Padding Scheme}{chapter.3}% 21
\BOOKMARK [1][-]{section.3.5}{Fixed Padding Scheme 1}{chapter.3}% 22
\BOOKMARK [2][-]{subsection.3.5.1}{Notation}{section.3.5}% 23
\BOOKMARK [2][-]{subsection.3.5.2}{Choose p and i}{section.3.5}% 24
\BOOKMARK [2][-]{subsection.3.5.3}{Encryption Scheme}{section.3.5}% 25
\BOOKMARK [2][-]{subsection.3.5.4}{Variation to the Scheme}{section.3.5}% 26
\BOOKMARK [1][-]{section.3.6}{Fixed Padding Scheme 2}{chapter.3}% 27
\BOOKMARK [2][-]{subsection.3.6.1}{Mathematical Formulation}{section.3.6}% 28
\BOOKMARK [2][-]{subsection.3.6.2}{Statistically Indistinguishable Attributes}{section.3.6}% 29
\BOOKMARK [2][-]{subsection.3.6.3}{Finding the Minimum p}{section.3.6}% 30
\BOOKMARK [2][-]{subsection.3.6.4}{Solving the Optimization Problem}{section.3.6}% 31
\BOOKMARK [2][-]{subsection.3.6.5}{Encryption Scheme}{section.3.6}% 32
\BOOKMARK [1][-]{section.3.7}{Discussion}{chapter.3}% 33
\BOOKMARK [0][-]{chapter.4}{Security notions for Efficient Encrypted Searchable Database}{}% 34
\BOOKMARK [1][-]{section.4.1}{Indistinguishability of distribution under chosen-plaintext attack \(IND-DIST-CPA\)}{chapter.4}% 35
\BOOKMARK [1][-]{section.4.2}{Indistinguishability of Ciphertext under Statistical Attack \(IND-STAT\)}{chapter.4}% 36
\BOOKMARK [2][-]{subsection.4.2.1}{IND-DIST-CPA and IND-STAT are not Comparable}{section.4.2}% 37
\BOOKMARK [2][-]{subsection.4.2.2}{Security Proofs}{section.4.2}% 38
\BOOKMARK [2][-]{subsection.4.2.3}{On the Assumption of Absence of Encryption Oracle of DE}{section.4.2}% 39
\BOOKMARK [1][-]{section.4.3}{Indistinguishability of distribution \(IND-DIST\)}{chapter.4}% 40
\BOOKMARK [0][-]{chapter.5}{Conclusion}{}% 41
\BOOKMARK [1][-]{section.5.1}{Summary of Results}{chapter.5}% 42
\BOOKMARK [1][-]{section.5.2}{Practical Concerns with Proposed Encryption Schemes}{chapter.5}% 43
\BOOKMARK [1][-]{section.5.3}{Further Work}{chapter.5}% 44
\BOOKMARK [0][-]{appendix.A}{Proof of theorem 1}{}% 45
\BOOKMARK [0][-]{appendix.B}{Justification of the claim in 4.2.1}{}% 46
\BOOKMARK [0][-]{appendix.C}{Proof of Theorem 5}{}% 47
